2016-08-09 14:04:23,332 [info] - Старт
2016-08-09 14:04:23,332 [info] - Версия приложения:4.5.2.1352
2016-08-09 14:06:52,161 [info] - Старт
2016-08-09 14:06:52,162 [info] - Версия приложения:4.5.2.1352
2016-08-09 14:08:02,236 [info] - Старт
2016-08-09 14:08:02,236 [info] - Версия приложения:4.5.2.1352
2016-08-09 14:14:27,236 [info] - Старт
2016-08-09 14:14:27,236 [info] - Версия приложения:4.5.2.1352
2016-08-09 14:16:03,926 [info] - Старт
2016-08-09 14:16:03,926 [info] - Версия приложения:4.5.2.1352
2016-08-09 14:16:07,325 [debug] - Попытка подключения к БД: DOMOD_417@LS
2016-08-09 14:16:08,958 [debug] - Подключение к БД выполнилось успешно
2016-08-09 14:16:09,004 [debug] - Отключение от БД
2016-08-09 14:16:09,089 [debug] - Файл параметров: D:\BUILD_LS\Delphi\Bin\armtisvr.ini
2016-08-09 14:16:09,090 [info] - Список каталогов обмена с КПС "Инспектор ОТО":
2016-08-09 14:16:09,612 [info] - Запущен поток запроса платежек
2016-08-09 14:16:09,612 [info] - Запущен основной поток
2016-08-09 14:18:20,128 [info] - Стоп
2016-08-09 14:19:59,021 [info] - Старт
2016-08-09 14:19:59,021 [info] - Версия приложения:4.5.2.1352
2016-08-09 14:23:30,410 [info] - Старт
2016-08-09 14:23:30,410 [info] - Версия приложения:4.5.2.1352
2016-08-10 17:57:19,557 [info] - Старт
2016-08-10 17:57:19,557 [info] - Версия приложения:4.5.2.1352
2016-08-10 17:57:19,557 [debug] - b_init
2016-08-10 17:57:19,901 [debug] - a_init
2016-08-10 17:57:19,901 [debug] - a_create
2016-08-10 17:57:19,969 [info] - Стоп
